picture_library/build/intermediates/manifest_merge_blame_file/debug/manifest-merger-blame-debug-report.txt
1<?xml version="1.0" encoding="utf-8"?>
2<manifest xmlns:android="http://schemas.android.com/apk/res/android"
3    xmlns:tools="http://schemas.android.com/tools"
4    package="com.luck.picture.lib"
5    android:versionCode="58"
6    android:versionName="v2.7.3-rc10" >
7
8    <uses-sdk
8-->src\main\AndroidManifest.xml:6:5-10:16
9        android:minSdkVersion="19"
9-->src\main\AndroidManifest.xml:6:5-10:16
10        android:targetSdkVersion="31"
10-->src\main\AndroidManifest.xml:6:5-10:16
11        tools:overrideLibrary="androidx.camera.view,     androidx.camera:camera-camera2,     androidx.camera.camera2,androidx.camera.lifecycle,     androidx.camera.core" >
11-->src\main\AndroidManifest.xml:6:5-10:16
12    </uses-sdk>
13
14    <application>
14-->src\main\AndroidManifest.xml:12:5-73:19
15        <provider
15-->src\main\AndroidManifest.xml:13:9-22:20
16            android:name="com.luck.picture.lib.PictureFileProvider"
16-->src\main\AndroidManifest.xml:14:13-68
17            android:authorities="${applicationId}.luckProvider"
17-->src\main\AndroidManifest.xml:15:13-64
18            android:exported="false"
18-->src\main\AndroidManifest.xml:16:13-37
19            android:grantUriPermissions="true" >
19-->src\main\AndroidManifest.xml:17:13-47
20            <meta-data
20-->src\main\AndroidManifest.xml:18:13-21:25
21                android:name="android.support.FILE_PROVIDER_PATHS"
21-->src\main\AndroidManifest.xml:19:17-67
22                android:resource="@xml/file_paths" >
22-->src\main\AndroidManifest.xml:20:17-51
23            </meta-data>
24        </provider>
25
26        <activity
26-->src\main\AndroidManifest.xml:24:9-27:20
27            android:name="com.luck.picture.lib.PictureSelectorActivity"
27-->src\main\AndroidManifest.xml:25:13-52
28            android:configChanges="orientation|keyboardHidden|screenSize" >
28-->src\main\AndroidManifest.xml:26:13-74
29        </activity>
30        <activity
30-->src\main\AndroidManifest.xml:28:9-31:20
31            android:name="com.luck.picture.lib.PictureSelectorWeChatStyleActivity"
31-->src\main\AndroidManifest.xml:29:13-63
32            android:configChanges="orientation|keyboardHidden|screenSize" >
32-->src\main\AndroidManifest.xml:30:13-74
33        </activity>
34        <activity
34-->src\main\AndroidManifest.xml:32:9-36:20
35            android:name="com.luck.picture.lib.PictureSelectorCameraEmptyActivity"
35-->src\main\AndroidManifest.xml:33:13-63
36            android:configChanges="orientation|keyboardHidden|screenSize"
36-->src\main\AndroidManifest.xml:34:13-74
37            android:theme="@style/Picture.Theme.Translucent" >
37-->src\main\AndroidManifest.xml:35:13-61
38        </activity>
39        <activity
39-->src\main\AndroidManifest.xml:37:9-40:20
40            android:name="com.luck.picture.lib.PictureCustomCameraActivity"
40-->src\main\AndroidManifest.xml:38:13-56
41            android:configChanges="orientation|keyboardHidden|screenSize" >
41-->src\main\AndroidManifest.xml:39:13-74
42        </activity>
43        <activity
43-->src\main\AndroidManifest.xml:42:9-45:20
44            android:name="com.luck.picture.lib.PicturePreviewActivity"
44-->src\main\AndroidManifest.xml:43:13-51
45            android:configChanges="orientation|keyboardHidden|screenSize" >
45-->src\main\AndroidManifest.xml:44:13-74
46        </activity>
47        <activity
47-->src\main\AndroidManifest.xml:46:9-49:20
48            android:name="com.luck.picture.lib.PictureSelectorPreviewWeChatStyleActivity"
48-->src\main\AndroidManifest.xml:47:13-70
49            android:configChanges="orientation|keyboardHidden|screenSize" >
49-->src\main\AndroidManifest.xml:48:13-74
50        </activity>
51        <activity
51-->src\main\AndroidManifest.xml:50:9-54:20
52            android:name="com.luck.picture.lib.PictureVideoPlayActivity"
52-->src\main\AndroidManifest.xml:51:13-53
53            android:configChanges="orientation|keyboardHidden|screenSize"
53-->src\main\AndroidManifest.xml:52:13-74
54            android:screenOrientation="sensor" >
54-->src\main\AndroidManifest.xml:53:13-47
55        </activity>
56        <activity
56-->src\main\AndroidManifest.xml:55:9-58:20
57            android:name="com.luck.picture.lib.PictureExternalPreviewActivity"
57-->src\main\AndroidManifest.xml:56:13-59
58            android:configChanges="orientation|keyboardHidden|screenSize" >
58-->src\main\AndroidManifest.xml:57:13-74
59        </activity>
60        <activity
60-->src\main\AndroidManifest.xml:60:9-63:20
61            android:name="com.luck.picture.lib.PicturePlayAudioActivity"
61-->src\main\AndroidManifest.xml:61:13-53
62            android:configChanges="orientation|keyboardHidden|screenSize" >
62-->src\main\AndroidManifest.xml:62:13-74
63        </activity>
64        <activity
64-->src\main\AndroidManifest.xml:65:9-68:20
65            android:name="com.yalantis.ucrop.UCropActivity"
65-->src\main\AndroidManifest.xml:66:13-60
66            android:theme="@style/Base.Theme.NoActionBar" >
66-->src\main\AndroidManifest.xml:67:13-58
67        </activity>
68        <activity
68-->src\main\AndroidManifest.xml:69:9-72:20
69            android:name="com.yalantis.ucrop.PictureMultiCuttingActivity"
69-->src\main\AndroidManifest.xml:70:13-74
70            android:theme="@style/Base.Theme.NoActionBar" >
70-->src\main\AndroidManifest.xml:71:13-58
71        </activity>
72    </application>
73
74</manifest>